[debug] [2023-07-05T08:09:50.284Z] ----------------------------------------------------------------------
[debug] [2023-07-05T08:09:50.286Z] Command:       C:\Program Files\nodejs\node.exe C:\Users\acer\AppData\Roaming\npm\node_modules\firebase-tools\lib\bin\firebase.js deploy
[debug] [2023-07-05T08:09:50.287Z] CLI Version:   12.4.0
[debug] [2023-07-05T08:09:50.287Z] Platform:      win32
[debug] [2023-07-05T08:09:50.287Z] Node Version:  v18.16.1
[debug] [2023-07-05T08:09:50.288Z] Time:          Wed Jul 05 2023 15:09:50 GMT+0700 (Indochina Time)
[debug] [2023-07-05T08:09:50.288Z] ----------------------------------------------------------------------
[debug] 
[debug] [2023-07-05T08:09:50.291Z] >>> [apiv2][query] GET https://firebase-public.firebaseio.com/cli.json [none]
[debug] [2023-07-05T08:09:50.399Z] > command requires scopes: ["email","openid","https://www.googleapis.com/auth/cloudplatformprojects.readonly","https://www.googleapis.com/auth/firebase","https://www.googleapis.com/auth/cloud-platform"]
[debug] [2023-07-05T08:09:50.399Z] > authorizing via signed-in user (tranbinhan1100@gmail.com)
[debug] [2023-07-05T08:09:50.399Z] [iam] checking project manageruser-b5105 for permissions ["firebase.projects.get","firebasehosting.sites.update"]
[debug] [2023-07-05T08:09:50.400Z] > refreshing access token with scopes: []
[debug] [2023-07-05T08:09:50.401Z] >>> [apiv2][query] POST https://www.googleapis.com/oauth2/v3/token [none]
[debug] [2023-07-05T08:09:50.401Z] >>> [apiv2][body] POST https://www.googleapis.com/oauth2/v3/token [omitted]
[debug] [2023-07-05T08:09:50.603Z] <<< [apiv2][status] POST https://www.googleapis.com/oauth2/v3/token 200
[debug] [2023-07-05T08:09:50.603Z] <<< [apiv2][body] POST https://www.googleapis.com/oauth2/v3/token [omitted]
[debug] [2023-07-05T08:09:50.608Z] >>> [apiv2][query] POST https://cloudresourcemanager.googleapis.com/v1/projects/manageruser-b5105:testIamPermissions [none]
[debug] [2023-07-05T08:09:50.608Z] >>> [apiv2][(partial)header] POST https://cloudresourcemanager.googleapis.com/v1/projects/manageruser-b5105:testIamPermissions x-goog-quota-user=projects/manageruser-b5105
[debug] [2023-07-05T08:09:50.609Z] >>> [apiv2][body] POST https://cloudresourcemanager.googleapis.com/v1/projects/manageruser-b5105:testIamPermissions {"permissions":["firebase.projects.get","firebasehosting.sites.update"]}
[debug] [2023-07-05T08:09:50.860Z] <<< [apiv2][status] GET https://firebase-public.firebaseio.com/cli.json 200
[debug] [2023-07-05T08:09:50.860Z] <<< [apiv2][body] GET https://firebase-public.firebaseio.com/cli.json {"cloudBuildErrorAfter":1594252800000,"cloudBuildWarnAfter":1590019200000,"defaultNode10After":1594252800000,"minVersion":"3.0.5","node8DeploysDisabledAfter":1613390400000,"node8RuntimeDisabledAfter":1615809600000,"node8WarnAfter":1600128000000}
[debug] [2023-07-05T08:09:51.666Z] <<< [apiv2][status] POST https://cloudresourcemanager.googleapis.com/v1/projects/manageruser-b5105:testIamPermissions 200
[debug] [2023-07-05T08:09:51.666Z] <<< [apiv2][body] POST https://cloudresourcemanager.googleapis.com/v1/projects/manageruser-b5105:testIamPermissions {"permissions":["firebase.projects.get","firebasehosting.sites.update"]}
[debug] [2023-07-05T08:09:51.667Z] >>> [apiv2][query] GET https://firebase.googleapis.com/v1beta1/projects/manageruser-b5105 [none]
[debug] [2023-07-05T08:09:52.178Z] <<< [apiv2][status] GET https://firebase.googleapis.com/v1beta1/projects/manageruser-b5105 200
[debug] [2023-07-05T08:09:52.178Z] <<< [apiv2][body] GET https://firebase.googleapis.com/v1beta1/projects/manageruser-b5105 {"projectId":"manageruser-b5105","projectNumber":"540285565134","displayName":"managerUser","name":"projects/manageruser-b5105","resources":{"hostingSite":"manageruser-b5105"},"state":"ACTIVE","etag":"1_3ce6b592-a71f-445f-b864-1822cefdd808"}
[info] 
[info] === Deploying to 'manageruser-b5105'...
[info] 
[info] i  deploying hosting 
[debug] [2023-07-05T08:09:52.185Z] >>> [apiv2][query] POST https://firebasehosting.googleapis.com/v1beta1/projects/-/sites/manageruser-b5105/versions [none]
[debug] [2023-07-05T08:09:52.185Z] >>> [apiv2][body] POST https://firebasehosting.googleapis.com/v1beta1/projects/-/sites/manageruser-b5105/versions {"status":"CREATED","labels":{"deployment-tool":"cli-firebase"}}
[debug] [2023-07-05T08:09:53.099Z] <<< [apiv2][status] POST https://firebasehosting.googleapis.com/v1beta1/projects/-/sites/manageruser-b5105/versions 200
[debug] [2023-07-05T08:09:53.099Z] <<< [apiv2][body] POST https://firebasehosting.googleapis.com/v1beta1/projects/-/sites/manageruser-b5105/versions {"name":"projects/540285565134/sites/manageruser-b5105/versions/716211e28f25bdf5","status":"CREATED","config":{},"labels":{"deployment-tool":"cli-firebase"}}
[info] i  hosting[manageruser-b5105]: beginning deploy... 
[info] i  hosting[manageruser-b5105]: found 19 files in build 
[debug] [2023-07-05T08:09:53.116Z] [hosting] uploading with 200 concurrency
[debug] [2023-07-05T08:09:53.475Z] [hosting] hash cache [YnVpbGQ] stored for 19 files
[debug] [2023-07-05T08:09:53.476Z] [hosting][hash queue][FINAL] {"max":351,"min":4,"avg":45.05263157894737,"active":0,"complete":19,"success":19,"errored":0,"retried":0,"total":19,"elapsed":356}
[debug] [2023-07-05T08:09:53.476Z] >>> [apiv2][query] POST https://firebasehosting.googleapis.com/v1beta1/projects/540285565134/sites/manageruser-b5105/versions/716211e28f25bdf5:populateFiles [none]
[debug] [2023-07-05T08:09:53.476Z] >>> [apiv2][body] POST https://firebasehosting.googleapis.com/v1beta1/projects/540285565134/sites/manageruser-b5105/versions/716211e28f25bdf5:populateFiles {"files":{"/manifest.json":"6b50377417dc0a8a86bd922f13eaf38a3670b6a23cc5ce3da3efd594cc3a2741","/asset-manifest.json":"720564428d3328f6d27614474b79192c227cdc0abbc49dc82230a36474a6e23f","/index.html":"4f03411d0ffb1b3319489209aee5a08c05e7674d3ebb77f25ff60ffb2ed08d82","/static/js/787.250333de.chunk.js":"b57db809dd06a7dea1f088d58d2171461c0775b39c3ad634139aa2739579f6a2","/static/js/787.250333de.chunk.js.map":"2aba937849db2f39c89c9968d2597b8d1311c3c19770ae53184dd820e0a75566","/static/js/main.c213ee56.js.LICENSE.txt":"8fc6a47af9e9c0aaa3dbccb93455fc263dc2257578c884d7d1896f782dfa0fa2","/static/media/fa-v4compatibility.0e3a648be390bd8cb094.ttf":"ed9b0547d420749d20d18b3c09b2bfa94d9456279365184f19ab62b3fb648df2","/static/media/fa-v4compatibility.68577e40f3e70067b5da.woff2":"cd14d663609b5d1829fc42299c2c7f4d87c347a588a17f9b07e41f21d8a23383","/static/media/fa-regular-400.3223dc79c1adee56370b.woff2":"c7cade12f8323feb4c2b6c1f6a71aa302aa71e82dc0e7e19ea319959b7f7b0f5","/static/media/fa-regular-400.d87474231f4192884802.ttf":"001c629a2476cc04d8ca2ca945353e48d8a09e368c563bc4048a094a2b3eac8a","/static/media/fa-brands-400.e033a13ee751afc1860c.woff2":"0d79990d2b8c0e1eaddbc511ab1a6bdeace580a4e908c13635d2a71af2bdc79d","/static/css/main.479951e1.css":"0daaaceb5c7958eae14865b4402c6de3e7da929e2c82af203df4b00f80fa538a","/static/media/fa-brands-400.150de8eaa454d669c405.ttf":"876ae94a6a46e86b43e4d773912ca51ef751664bbf30dbbaf266b0be91fe1f4a","/static/media/fa-solid-900.bb975c966c37455a1bc3.woff2":"a455cc71530efd3124548b1f182e743f69274f53bd6f70618386976203a0cc26","/static/media/React-icon.svg.81ed438b18e24116794d.png":"6cce4060a2f8e95370332f33f7c5fdedb1c689ccdda53d958b0ff8340a4efa67","/static/js/main.c213ee56.js":"9b89dbfd7d0680eea93a672cf17e4cf8bbe685c4e03027d9198bdceb416bf451","/static/media/fa-solid-900.4a2cd718d7031b732e76.ttf":"227a27a04c6ea4b776bfe99ed488c652c9fc109bac72f2afa5211199e0d460d7","/static/css/main.479951e1.css.map":"991cd345a4843fa5fa352f99199684eb3ca62bd784bbf32a61a52965427cd95c","/static/js/main.c213ee56.js.map":"c5e355bafce59718ba23ca500e7d23fb902ad700905ab323908d7773c800f0ec"}}
[debug] [2023-07-05T08:09:54.129Z] <<< [apiv2][status] POST https://firebasehosting.googleapis.com/v1beta1/projects/540285565134/sites/manageruser-b5105/versions/716211e28f25bdf5:populateFiles 200
[debug] [2023-07-05T08:09:54.129Z] <<< [apiv2][body] POST https://firebasehosting.googleapis.com/v1beta1/projects/540285565134/sites/manageruser-b5105/versions/716211e28f25bdf5:populateFiles {"uploadRequiredHashes":["4f03411d0ffb1b3319489209aee5a08c05e7674d3ebb77f25ff60ffb2ed08d82","9b89dbfd7d0680eea93a672cf17e4cf8bbe685c4e03027d9198bdceb416bf451","c5e355bafce59718ba23ca500e7d23fb902ad700905ab323908d7773c800f0ec","8fc6a47af9e9c0aaa3dbccb93455fc263dc2257578c884d7d1896f782dfa0fa2","720564428d3328f6d27614474b79192c227cdc0abbc49dc82230a36474a6e23f"],"uploadUrl":"https://upload-firebasehosting.googleapis.com/upload/sites/manageruser-b5105/versions/716211e28f25bdf5/files"}
[debug] [2023-07-05T08:09:54.136Z] >>> [apiv2][query] POST https://upload-firebasehosting.googleapis.com/upload/sites/manageruser-b5105/versions/716211e28f25bdf5/files/4f03411d0ffb1b3319489209aee5a08c05e7674d3ebb77f25ff60ffb2ed08d82 [none]
[debug] [2023-07-05T08:09:54.136Z] >>> [apiv2][body] POST https://upload-firebasehosting.googleapis.com/upload/sites/manageruser-b5105/versions/716211e28f25bdf5/files/4f03411d0ffb1b3319489209aee5a08c05e7674d3ebb77f25ff60ffb2ed08d82 [stream]
[debug] [2023-07-05T08:09:54.141Z] >>> [apiv2][query] POST https://upload-firebasehosting.googleapis.com/upload/sites/manageruser-b5105/versions/716211e28f25bdf5/files/9b89dbfd7d0680eea93a672cf17e4cf8bbe685c4e03027d9198bdceb416bf451 [none]
[debug] [2023-07-05T08:09:54.141Z] >>> [apiv2][body] POST https://upload-firebasehosting.googleapis.com/upload/sites/manageruser-b5105/versions/716211e28f25bdf5/files/9b89dbfd7d0680eea93a672cf17e4cf8bbe685c4e03027d9198bdceb416bf451 [stream]
[debug] [2023-07-05T08:09:54.146Z] >>> [apiv2][query] POST https://upload-firebasehosting.googleapis.com/upload/sites/manageruser-b5105/versions/716211e28f25bdf5/files/c5e355bafce59718ba23ca500e7d23fb902ad700905ab323908d7773c800f0ec [none]
[debug] [2023-07-05T08:09:54.146Z] >>> [apiv2][body] POST https://upload-firebasehosting.googleapis.com/upload/sites/manageruser-b5105/versions/716211e28f25bdf5/files/c5e355bafce59718ba23ca500e7d23fb902ad700905ab323908d7773c800f0ec [stream]
[debug] [2023-07-05T08:09:54.149Z] >>> [apiv2][query] POST https://upload-firebasehosting.googleapis.com/upload/sites/manageruser-b5105/versions/716211e28f25bdf5/files/8fc6a47af9e9c0aaa3dbccb93455fc263dc2257578c884d7d1896f782dfa0fa2 [none]
[debug] [2023-07-05T08:09:54.149Z] >>> [apiv2][body] POST https://upload-firebasehosting.googleapis.com/upload/sites/manageruser-b5105/versions/716211e28f25bdf5/files/8fc6a47af9e9c0aaa3dbccb93455fc263dc2257578c884d7d1896f782dfa0fa2 [stream]
[debug] [2023-07-05T08:09:54.152Z] >>> [apiv2][query] POST https://upload-firebasehosting.googleapis.com/upload/sites/manageruser-b5105/versions/716211e28f25bdf5/files/720564428d3328f6d27614474b79192c227cdc0abbc49dc82230a36474a6e23f [none]
[debug] [2023-07-05T08:09:54.152Z] >>> [apiv2][body] POST https://upload-firebasehosting.googleapis.com/upload/sites/manageruser-b5105/versions/716211e28f25bdf5/files/720564428d3328f6d27614474b79192c227cdc0abbc49dc82230a36474a6e23f [stream]
[debug] [2023-07-05T08:09:54.153Z] [hosting][populate queue][FINAL] {"max":660,"min":660,"avg":660,"active":0,"complete":1,"success":1,"errored":0,"retried":0,"total":1,"elapsed":679}
[debug] [2023-07-05T08:09:54.153Z] [hosting] uploads queued: 5
[debug] [2023-07-05T08:09:55.247Z] <<< [apiv2][status] POST https://upload-firebasehosting.googleapis.com/upload/sites/manageruser-b5105/versions/716211e28f25bdf5/files/8fc6a47af9e9c0aaa3dbccb93455fc263dc2257578c884d7d1896f782dfa0fa2 200
[debug] [2023-07-05T08:09:55.247Z] <<< [apiv2][body] POST https://upload-firebasehosting.googleapis.com/upload/sites/manageruser-b5105/versions/716211e28f25bdf5/files/8fc6a47af9e9c0aaa3dbccb93455fc263dc2257578c884d7d1896f782dfa0fa2 [stream]
[debug] [2023-07-05T08:09:55.270Z] <<< [apiv2][status] POST https://upload-firebasehosting.googleapis.com/upload/sites/manageruser-b5105/versions/716211e28f25bdf5/files/4f03411d0ffb1b3319489209aee5a08c05e7674d3ebb77f25ff60ffb2ed08d82 200
[debug] [2023-07-05T08:09:55.270Z] <<< [apiv2][body] POST https://upload-firebasehosting.googleapis.com/upload/sites/manageruser-b5105/versions/716211e28f25bdf5/files/4f03411d0ffb1b3319489209aee5a08c05e7674d3ebb77f25ff60ffb2ed08d82 [stream]
[debug] [2023-07-05T08:09:55.313Z] <<< [apiv2][status] POST https://upload-firebasehosting.googleapis.com/upload/sites/manageruser-b5105/versions/716211e28f25bdf5/files/9b89dbfd7d0680eea93a672cf17e4cf8bbe685c4e03027d9198bdceb416bf451 200
[debug] [2023-07-05T08:09:55.313Z] <<< [apiv2][body] POST https://upload-firebasehosting.googleapis.com/upload/sites/manageruser-b5105/versions/716211e28f25bdf5/files/9b89dbfd7d0680eea93a672cf17e4cf8bbe685c4e03027d9198bdceb416bf451 [stream]
[debug] [2023-07-05T08:09:55.351Z] <<< [apiv2][status] POST https://upload-firebasehosting.googleapis.com/upload/sites/manageruser-b5105/versions/716211e28f25bdf5/files/720564428d3328f6d27614474b79192c227cdc0abbc49dc82230a36474a6e23f 200
[debug] [2023-07-05T08:09:55.351Z] <<< [apiv2][body] POST https://upload-firebasehosting.googleapis.com/upload/sites/manageruser-b5105/versions/716211e28f25bdf5/files/720564428d3328f6d27614474b79192c227cdc0abbc49dc82230a36474a6e23f [stream]
[debug] [2023-07-05T08:09:55.554Z] <<< [apiv2][status] POST https://upload-firebasehosting.googleapis.com/upload/sites/manageruser-b5105/versions/716211e28f25bdf5/files/c5e355bafce59718ba23ca500e7d23fb902ad700905ab323908d7773c800f0ec 200
[debug] [2023-07-05T08:09:55.555Z] <<< [apiv2][body] POST https://upload-firebasehosting.googleapis.com/upload/sites/manageruser-b5105/versions/716211e28f25bdf5/files/c5e355bafce59718ba23ca500e7d23fb902ad700905ab323908d7773c800f0ec [stream]
[debug] [2023-07-05T08:09:55.555Z] [hosting][upload queue][FINAL] {"max":1422,"min":1114,"avg":1214.8,"active":0,"complete":5,"success":5,"errored":0,"retried":0,"total":5,"elapsed":1425}
[info] +  hosting[manageruser-b5105]: file upload complete 
[debug] [2023-07-05T08:09:55.557Z] [hosting] deploy completed after 2456ms
[debug] [2023-07-05T08:09:55.561Z] [
  {
    "config": {
      "public": "build",
      "ignore": [
        "firebase.json",
        "**/.*",
        "**/node_modules/**"
      ],
      "rewrites": [
        {
          "source": "**",
          "destination": "/index.html"
        }
      ],
      "site": "manageruser-b5105"
    },
    "version": "projects/540285565134/sites/manageruser-b5105/versions/716211e28f25bdf5"
  }
]
[info] i  hosting[manageruser-b5105]: finalizing version... 
[debug] [2023-07-05T08:09:55.565Z] >>> [apiv2][query] PATCH https://firebasehosting.googleapis.com/v1beta1/projects/-/sites/manageruser-b5105/versions/716211e28f25bdf5 updateMask=status%2Cconfig
[debug] [2023-07-05T08:09:55.565Z] >>> [apiv2][body] PATCH https://firebasehosting.googleapis.com/v1beta1/projects/-/sites/manageruser-b5105/versions/716211e28f25bdf5 {"status":"FINALIZED","config":{"rewrites":[{"glob":"**","path":"/index.html"}]}}
[debug] [2023-07-05T08:09:56.174Z] <<< [apiv2][status] PATCH https://firebasehosting.googleapis.com/v1beta1/projects/-/sites/manageruser-b5105/versions/716211e28f25bdf5 200
[debug] [2023-07-05T08:09:56.174Z] <<< [apiv2][body] PATCH https://firebasehosting.googleapis.com/v1beta1/projects/-/sites/manageruser-b5105/versions/716211e28f25bdf5 {"name":"projects/540285565134/sites/manageruser-b5105/versions/716211e28f25bdf5","status":"FINALIZED","config":{"rewrites":[{"glob":"**","path":"/index.html"}]},"labels":{"deployment-tool":"cli-firebase"},"createTime":"2023-07-05T08:09:52.269682Z","createUser":{"email":"tranbinhan1100@gmail.com"},"finalizeTime":"2023-07-05T08:09:55.715756Z","finalizeUser":{"email":"tranbinhan1100@gmail.com"}}
[debug] [2023-07-05T08:09:56.174Z] [hosting] finalized version for manageruser-b5105:[object Object]
[info] +  hosting[manageruser-b5105]: version finalized 
[info] i  hosting[manageruser-b5105]: releasing new version... 
[debug] [2023-07-05T08:09:56.175Z] >>> [apiv2][query] POST https://firebasehosting.googleapis.com/v1beta1/projects/-/sites/manageruser-b5105/channels/live/releases versionName=projects%2F540285565134%2Fsites%2Fmanageruser-b5105%2Fversions%2F716211e28f25bdf5
[debug] [2023-07-05T08:09:56.175Z] >>> [apiv2][body] POST https://firebasehosting.googleapis.com/v1beta1/projects/-/sites/manageruser-b5105/channels/live/releases {}
[debug] [2023-07-05T08:09:56.786Z] <<< [apiv2][status] POST https://firebasehosting.googleapis.com/v1beta1/projects/-/sites/manageruser-b5105/channels/live/releases 200
[debug] [2023-07-05T08:09:56.786Z] <<< [apiv2][body] POST https://firebasehosting.googleapis.com/v1beta1/projects/-/sites/manageruser-b5105/channels/live/releases {"name":"projects/540285565134/sites/manageruser-b5105/channels/live/releases/1688544595748000","version":{"name":"projects/540285565134/sites/manageruser-b5105/versions/716211e28f25bdf5","status":"FINALIZED","config":{"rewrites":[{"glob":"**","path":"/index.html"}]},"labels":{"deployment-tool":"cli-firebase"},"createTime":"2023-07-05T08:09:52.269682Z","createUser":{"email":"tranbinhan1100@gmail.com","imageUrl":"https://lh3.googleusercontent.com/a/AAcHTteTtaLpD-BUlHBSAmOaOaOYTTdwLAdcOMeQWg4HJve1Vg"},"finalizeTime":"2023-07-05T08:09:55.715756Z","finalizeUser":{"email":"tranbinhan1100@gmail.com","imageUrl":"https://lh3.googleusercontent.com/a/AAcHTteTtaLpD-BUlHBSAmOaOaOYTTdwLAdcOMeQWg4HJve1Vg"}},"type":"DEPLOY","releaseTime":"2023-07-05T08:09:55.748Z","releaseUser":{"email":"tranbinhan1100@gmail.com","imageUrl":"https://lh3.googleusercontent.com/a/AAcHTteTtaLpD-BUlHBSAmOaOaOYTTdwLAdcOMeQWg4HJve1Vg"}}
[debug] [2023-07-05T08:09:56.786Z] [hosting] release: {"name":"projects/540285565134/sites/manageruser-b5105/channels/live/releases/1688544595748000","version":{"name":"projects/540285565134/sites/manageruser-b5105/versions/716211e28f25bdf5","status":"FINALIZED","config":{"rewrites":[{"glob":"**","path":"/index.html"}]},"labels":{"deployment-tool":"cli-firebase"},"createTime":"2023-07-05T08:09:52.269682Z","createUser":{"email":"tranbinhan1100@gmail.com","imageUrl":"https://lh3.googleusercontent.com/a/AAcHTteTtaLpD-BUlHBSAmOaOaOYTTdwLAdcOMeQWg4HJve1Vg"},"finalizeTime":"2023-07-05T08:09:55.715756Z","finalizeUser":{"email":"tranbinhan1100@gmail.com","imageUrl":"https://lh3.googleusercontent.com/a/AAcHTteTtaLpD-BUlHBSAmOaOaOYTTdwLAdcOMeQWg4HJve1Vg"}},"type":"DEPLOY","releaseTime":"2023-07-05T08:09:55.748Z","releaseUser":{"email":"tranbinhan1100@gmail.com","imageUrl":"https://lh3.googleusercontent.com/a/AAcHTteTtaLpD-BUlHBSAmOaOaOYTTdwLAdcOMeQWg4HJve1Vg"}}
[info] +  hosting[manageruser-b5105]: release complete 
[info] 
[info] +  Deploy complete! 
[info] 
[info] Project Console: https://console.firebase.google.com/project/manageruser-b5105/overview
[info] Hosting URL: https://manageruser-b5105.web.app
[debug] [2023-07-05T08:10:07.030Z] Error: Timed out.
    at Timeout._onTimeout (C:\Users\acer\AppData\Roaming\npm\node_modules\firebase-tools\lib\utils.js:253:49)
    at listOnTimeout (node:internal/timers:569:17)
    at process.processTimers (node:internal/timers:512:7)
[error] 
[error] Error: An unexpected error has occurred.
